<?xml version="1.0" encoding="UTF-8"?>
<!-- Generated by org.testng.reporters.JUnitReportReporter -->
<testsuite hostname="DESKTOP-M454ERF" failures="0" tests="1" name="CountNumber" time="8.648" errors="0" timestamp="2023-09-05T13:03:44 GFT" skipped="0">
  <testcase classname="CountNumber" name="interview" time="8.648"/>
  <system-out/>
</testsuite> <!-- CountNumber -->
